<?xml version="1.0" encoding="UTF-8"?>
<!-- Generated by org.testng.reporters.JUnitReportReporter -->
<testsuite hostname="shty-qc-wujj2" name="practiceone.Pracetice1OnTestng" tests="2" failures="0" timestamp="8 Jun 2018 03:30:23 GMT" time="0.012" errors="0">
  <testcase name="test1" time="0.009" classname="practiceone.Pracetice1OnTestng"/>
  <testcase name="test2" time="0.003" classname="practiceone.Pracetice1OnTestng"/>
</testsuite> <!-- practiceone.Pracetice1OnTestng -->
